<?xml version="1.0" encoding="UTF-8"?>
<coverage generated="1732132087166" clover="3.2.0">
  <project timestamp="1732132087166" name="All files">
    <metrics statements="51" coveredstatements="51" conditionals="16" coveredconditionals="16" methods="11" coveredmethods="11" elements="78" coveredelements="78" complexity="0" loc="51" ncloc="51" packages="2" files="4" classes="4"/>
    <package name="app">
      <metrics statements="5" coveredstatements="5" conditionals="0" coveredconditionals="0" methods="1" coveredmethods="1"/>
      <file name="App.tsx" path="/Users/jackboyd/Development/C#/ProbabilityCalculator/client/src/app/App.tsx">
        <metrics statements="5" coveredstatements="5" conditionals="0" coveredconditionals="0" methods="1" coveredmethods="1"/>
        <line num="2" count="1" type="stmt"/>
        <line num="3" count="1" type="stmt"/>
        <line num="5" count="1" type="stmt"/>
        <line num="6" count="2" type="stmt"/>
        <line num="16" count="1" type="stmt"/>
      </file>
    </package>
    <package name="components.Calculator">
      <metrics statements="46" coveredstatements="46" conditionals="16" coveredconditionals="16" methods="10" coveredmethods="10"/>
      <file name="Calculator.tsx" path="/Users/jackboyd/Development/C#/ProbabilityCalculator/client/src/components/Calculator/Calculator.tsx">
        <metrics statements="8" coveredstatements="8" conditionals="0" coveredconditionals="0" methods="1" coveredmethods="1"/>
        <line num="2" count="2" type="stmt"/>
        <line num="3" count="2" type="stmt"/>
        <line num="4" count="2" type="stmt"/>
        <line num="5" count="2" type="stmt"/>
        <line num="7" count="2" type="stmt"/>
        <line num="8" count="4" type="stmt"/>
        <line num="10" count="4" type="stmt"/>
        <line num="26" count="2" type="stmt"/>
      </file>
      <file name="CalculatorForm.tsx" path="/Users/jackboyd/Development/C#/ProbabilityCalculator/client/src/components/Calculator/CalculatorForm.tsx">
        <metrics statements="35" coveredstatements="35" conditionals="14" coveredconditionals="14" methods="8" coveredmethods="8"/>
        <line num="1" count="3" type="stmt"/>
        <line num="2" count="3" type="stmt"/>
        <line num="14" count="3" type="stmt"/>
        <line num="15" count="18" type="stmt"/>
        <line num="16" count="18" type="stmt"/>
        <line num="17" count="18" type="stmt"/>
        <line num="18" count="18" type="stmt"/>
        <line num="19" count="18" type="stmt"/>
        <line num="20" count="18" type="stmt"/>
        <line num="21" count="18" type="stmt"/>
        <line num="23" count="18" type="stmt"/>
        <line num="25" count="18" type="stmt"/>
        <line num="26" count="11" type="stmt"/>
        <line num="27" count="11" type="cond" truecount="1" falsecount="0"/>
        <line num="28" count="10" type="cond" truecount="3" falsecount="0"/>
        <line num="29" count="6" type="stmt"/>
        <line num="32" count="18" type="stmt"/>
        <line num="33" count="3" type="stmt"/>
        <line num="34" count="3" type="stmt"/>
        <line num="35" count="3" type="stmt"/>
        <line num="36" count="3" type="cond" truecount="1" falsecount="0"/>
        <line num="39" count="18" type="stmt"/>
        <line num="40" count="2" type="stmt"/>
        <line num="41" count="2" type="stmt"/>
        <line num="42" count="2" type="stmt"/>
        <line num="43" count="2" type="cond" truecount="1" falsecount="0"/>
        <line num="46" count="18" type="stmt"/>
        <line num="47" count="3" type="stmt"/>
        <line num="48" count="3" type="stmt"/>
        <line num="50" count="3" type="cond" truecount="4" falsecount="0"/>
        <line num="51" count="1" type="stmt"/>
        <line num="53" count="2" type="stmt"/>
        <line num="57" count="18" type="stmt"/>
        <line num="88" count="1" type="stmt"/>
        <line num="99" count="3" type="stmt"/>
      </file>
      <file name="CalculatorResult.tsx" path="/Users/jackboyd/Development/C#/ProbabilityCalculator/client/src/components/Calculator/CalculatorResult.tsx">
        <metrics statements="3" coveredstatements="3" conditionals="2" coveredconditionals="2" methods="1" coveredmethods="1"/>
        <line num="2" count="3" type="stmt"/>
        <line num="8" count="6" type="stmt"/>
        <line num="17" count="3" type="stmt"/>
      </file>
    </package>
  </project>
</coverage>
