{"/Users/jackboyd/Development/C#/ProbabilityCalculator/client/src/app/App.tsx": {"path":"/Users/jackboyd/Development/C#/ProbabilityCalculator/client/src/app/App.tsx","statementMap":{"0":{"start":{"line":2,"column":0},"end":{"line":2,"column":61}},"1":{"start":{"line":3,"column":0},"end":{"line":3,"column":38}},"2":{"start":{"line":5,"column":22},"end":{"line":14,"column":1}},"3":{"start":{"line":6,"column":2},"end":{"line":13,"column":4}},"4":{"start":{"line":16,"column":0},"end":{"line":16,"column":19}}},"fnMap":{"0":{"name":"(anonymous_3)","decl":{"start":{"line":5,"column":22},"end":{"line":5,"column":null}},"loc":{"start":{"line":5,"column":22},"end":{"line":14,"column":1}}}},"branchMap":{},"s":{"0":1,"1":1,"2":1,"3":2,"4":1},"f":{"0":2},"b":{}}
,"/Users/jackboyd/Development/C#/ProbabilityCalculator/client/src/components/Calculator/Calculator.tsx": {"path":"/Users/jackboyd/Development/C#/ProbabilityCalculator/client/src/components/Calculator/Calculator.tsx","statementMap":{"0":{"start":{"line":2,"column":0},"end":{"line":2,"column":46}},"1":{"start":{"line":3,"column":0},"end":{"line":3,"column":50}},"2":{"start":{"line":4,"column":0},"end":{"line":4,"column":56}},"3":{"start":{"line":5,"column":0},"end":{"line":5,"column":33}},"4":{"start":{"line":7,"column":29},"end":{"line":24,"column":1}},"5":{"start":{"line":8,"column":99},"end":{"line":8,"column":115}},"6":{"start":{"line":8,"column":15},"end":{"line":8,"column":17}},"7":{"start":{"line":8,"column":22},"end":{"line":8,"column":24}},"8":{"start":{"line":8,"column":33},"end":{"line":8,"column":35}},"9":{"start":{"line":8,"column":41},"end":{"line":8,"column":43}},"10":{"start":{"line":8,"column":51},"end":{"line":8,"column":53}},"11":{"start":{"line":8,"column":61},"end":{"line":8,"column":63}},"12":{"start":{"line":8,"column":75},"end":{"line":8,"column":77}},"13":{"start":{"line":8,"column":94},"end":{"line":8,"column":99}},"14":{"start":{"line":10,"column":2},"end":{"line":23,"column":4}},"15":{"start":{"line":26,"column":0},"end":{"line":26,"column":26}}},"fnMap":{"0":{"name":"(anonymous_3)","decl":{"start":{"line":7,"column":29},"end":{"line":7,"column":null}},"loc":{"start":{"line":7,"column":29},"end":{"line":24,"column":1}}}},"branchMap":{},"s":{"0":2,"1":2,"2":2,"3":2,"4":2,"5":4,"6":4,"7":4,"8":4,"9":4,"10":4,"11":4,"12":4,"13":4,"14":4,"15":2},"f":{"0":4},"b":{}}
,"/Users/jackboyd/Development/C#/ProbabilityCalculator/client/src/components/Calculator/CalculatorForm.tsx": {"path":"/Users/jackboyd/Development/C#/ProbabilityCalculator/client/src/components/Calculator/CalculatorForm.tsx","statementMap":{"0":{"start":{"line":1,"column":0},"end":{"line":1,"column":40}},"1":{"start":{"line":2,"column":0},"end":{"line":2,"column":45}},"2":{"start":{"line":14,"column":54},"end":{"line":97,"column":1}},"3":{"start":{"line":15,"column":7},"end":{"line":15,"column":null}},"4":{"start":{"line":16,"column":7},"end":{"line":16,"column":null}},"5":{"start":{"line":17,"column":11},"end":{"line":17,"column":null}},"6":{"start":{"line":18,"column":10},"end":{"line":18,"column":null}},"7":{"start":{"line":19,"column":10},"end":{"line":19,"column":null}},"8":{"start":{"line":20,"column":14},"end":{"line":20,"column":null}},"9":{"start":{"line":21,"column":13},"end":{"line":21,"column":null}},"10":{"start":{"line":23,"column":30},"end":{"line":23,"column":78}},"11":{"start":{"line":23,"column":15},"end":{"line":23,"column":17}},"12":{"start":{"line":23,"column":26},"end":{"line":23,"column":30}},"13":{"start":{"line":25,"column":24},"end":{"line":30,"column":3}},"14":{"start":{"line":26,"column":16},"end":{"line":26,"column":33}},"15":{"start":{"line":27,"column":4},"end":{"line":27,"column":52}},"16":{"start":{"line":27,"column":20},"end":{"line":27,"column":52}},"17":{"start":{"line":28,"column":4},"end":{"line":28,"column":67}},"18":{"start":{"line":28,"column":28},"end":{"line":28,"column":67}},"19":{"start":{"line":29,"column":4},"end":{"line":29,"column":21}},"20":{"start":{"line":32,"column":28},"end":{"line":37,"column":3}},"21":{"start":{"line":33,"column":18},"end":{"line":33,"column":32}},"22":{"start":{"line":34,"column":18},"end":{"line":34,"column":38}},"23":{"start":{"line":35,"column":4},"end":{"line":35,"column":53}},"24":{"start":{"line":35,"column":24},"end":{"line":35,"column":52}},"25":{"start":{"line":36,"column":4},"end":{"line":36,"column":32}},"26":{"start":{"line":36,"column":16},"end":{"line":36,"column":32}},"27":{"start":{"line":39,"column":28},"end":{"line":44,"column":3}},"28":{"start":{"line":40,"column":18},"end":{"line":40,"column":32}},"29":{"start":{"line":41,"column":18},"end":{"line":41,"column":38}},"30":{"start":{"line":42,"column":4},"end":{"line":42,"column":53}},"31":{"start":{"line":42,"column":24},"end":{"line":42,"column":52}},"32":{"start":{"line":43,"column":4},"end":{"line":43,"column":32}},"33":{"start":{"line":43,"column":16},"end":{"line":43,"column":32}},"34":{"start":{"line":46,"column":23},"end":{"line":55,"column":3}},"35":{"start":{"line":47,"column":19},"end":{"line":47,"column":39}},"36":{"start":{"line":48,"column":19},"end":{"line":48,"column":39}},"37":{"start":{"line":50,"column":4},"end":{"line":54,"column":null}},"38":{"start":{"line":51,"column":6},"end":{"line":51,"column":50}},"39":{"start":{"line":53,"column":6},"end":{"line":53,"column":20}},"40":{"start":{"line":57,"column":2},"end":{"line":96,"column":4}},"41":{"start":{"line":88,"column":53},"end":{"line":88,"column":null}},"42":{"start":{"line":99,"column":0},"end":{"line":99,"column":30}}},"fnMap":{"0":{"name":"(anonymous_3)","decl":{"start":{"line":14,"column":54},"end":{"line":14,"column":55}},"loc":{"start":{"line":22,"column":1},"end":{"line":97,"column":1}}},"1":{"name":"(anonymous_4)","decl":{"start":{"line":25,"column":24},"end":{"line":25,"column":25}},"loc":{"start":{"line":25,"column":38},"end":{"line":30,"column":3}}},"2":{"name":"(anonymous_5)","decl":{"start":{"line":32,"column":28},"end":{"line":32,"column":29}},"loc":{"start":{"line":32,"column":67},"end":{"line":37,"column":3}}},"3":{"name":"(anonymous_6)","decl":{"start":{"line":35,"column":14},"end":{"line":35,"column":15}},"loc":{"start":{"line":35,"column":19},"end":{"line":35,"column":30}}},"4":{"name":"(anonymous_7)","decl":{"start":{"line":39,"column":28},"end":{"line":39,"column":29}},"loc":{"start":{"line":39,"column":67},"end":{"line":44,"column":3}}},"5":{"name":"(anonymous_8)","decl":{"start":{"line":42,"column":14},"end":{"line":42,"column":15}},"loc":{"start":{"line":42,"column":19},"end":{"line":42,"column":30}}},"6":{"name":"(anonymous_9)","decl":{"start":{"line":46,"column":23},"end":{"line":46,"column":null}},"loc":{"start":{"line":46,"column":23},"end":{"line":55,"column":3}}},"7":{"name":"(anonymous_10)","decl":{"start":{"line":88,"column":46},"end":{"line":88,"column":47}},"loc":{"start":{"line":88,"column":48},"end":{"line":88,"column":65}}}},"branchMap":{"0":{"loc":{"start":{"line":27,"column":4},"end":{"line":27,"column":52}},"type":"if","locations":[{"start":{"line":27,"column":4},"end":{"line":27,"column":52}}]},"1":{"loc":{"start":{"line":28,"column":4},"end":{"line":28,"column":67}},"type":"if","locations":[{"start":{"line":28,"column":4},"end":{"line":28,"column":67}}]},"2":{"loc":{"start":{"line":28,"column":8},"end":{"line":28,"column":26}},"type":"binary-expr","locations":[{"start":{"line":28,"column":8},"end":{"line":28,"column":15}},{"start":{"line":28,"column":19},"end":{"line":28,"column":26}}]},"3":{"loc":{"start":{"line":36,"column":4},"end":{"line":36,"column":32}},"type":"if","locations":[{"start":{"line":36,"column":4},"end":{"line":36,"column":32}}]},"4":{"loc":{"start":{"line":43,"column":4},"end":{"line":43,"column":32}},"type":"if","locations":[{"start":{"line":43,"column":4},"end":{"line":43,"column":32}}]},"5":{"loc":{"start":{"line":50,"column":4},"end":{"line":54,"column":null}},"type":"if","locations":[{"start":{"line":50,"column":4},"end":{"line":54,"column":null}},{"start":{"line":52,"column":11},"end":{"line":54,"column":null}}]},"6":{"loc":{"start":{"line":50,"column":8},"end":{"line":50,"column":24}},"type":"binary-expr","locations":[{"start":{"line":50,"column":8},"end":{"line":50,"column":14}},{"start":{"line":50,"column":18},"end":{"line":50,"column":24}}]},"7":{"loc":{"start":{"line":70,"column":9},"end":{"line":70,"column":82}},"type":"binary-expr","locations":[{"start":{"line":70,"column":9},"end":{"line":70,"column":21}},{"start":{"line":70,"column":25},"end":{"line":70,"column":82}}]},"8":{"loc":{"start":{"line":83,"column":9},"end":{"line":83,"column":82}},"type":"binary-expr","locations":[{"start":{"line":83,"column":9},"end":{"line":83,"column":21}},{"start":{"line":83,"column":25},"end":{"line":83,"column":82}}]}},"s":{"0":3,"1":3,"2":3,"3":18,"4":18,"5":18,"6":18,"7":18,"8":18,"9":18,"10":18,"11":18,"12":18,"13":18,"14":11,"15":11,"16":1,"17":10,"18":4,"19":6,"20":18,"21":3,"22":3,"23":3,"24":3,"25":3,"26":1,"27":18,"28":2,"29":2,"30":2,"31":2,"32":2,"33":1,"34":18,"35":3,"36":3,"37":3,"38":1,"39":2,"40":18,"41":1,"42":3},"f":{"0":18,"1":11,"2":3,"3":3,"4":2,"5":2,"6":3,"7":1},"b":{"0":[1],"1":[4],"2":[10,9],"3":[1],"4":[1],"5":[1,2],"6":[3,2],"7":[18,3],"8":[18,2]}}
,"/Users/jackboyd/Development/C#/ProbabilityCalculator/client/src/components/Calculator/CalculatorResult.tsx": {"path":"/Users/jackboyd/Development/C#/ProbabilityCalculator/client/src/components/Calculator/CalculatorResult.tsx","statementMap":{"0":{"start":{"line":2,"column":0},"end":{"line":2,"column":45}},"1":{"start":{"line":8,"column":58},"end":{"line":8,"column":null}},"2":{"start":{"line":8,"column":67},"end":{"line":8,"column":69}},"3":{"start":{"line":8,"column":74},"end":{"line":15,"column":2}},"4":{"start":{"line":17,"column":0},"end":{"line":17,"column":32}}},"fnMap":{"0":{"name":"(anonymous_3)","decl":{"start":{"line":8,"column":58},"end":{"line":8,"column":59}},"loc":{"start":{"line":8,"column":69},"end":{"line":8,"column":null}}}},"branchMap":{"0":{"loc":{"start":{"line":10,"column":5},"end":{"line":12,"column":null}},"type":"binary-expr","locations":[{"start":{"line":10,"column":5},"end":{"line":10,"column":11}},{"start":{"line":10,"column":15},"end":{"line":12,"column":null}}]}},"s":{"0":3,"1":3,"2":6,"3":6,"4":3},"f":{"0":6},"b":{"0":[6,1]}}
}
