TN:
SF:src/app/App.tsx
FN:5,(anonymous_3)
FNF:1
FNH:1
FNDA:2,(anonymous_3)
DA:2,1
DA:3,1
DA:5,1
DA:6,2
DA:16,1
LF:5
LH:5
BRF:0
BRH:0
end_of_record
TN:
SF:src/components/Calculator/Calculator.tsx
FN:7,(anonymous_3)
FNF:1
FNH:1
FNDA:4,(anonymous_3)
DA:2,2
DA:3,2
DA:4,2
DA:5,2
DA:7,2
DA:8,4
DA:10,4
DA:26,2
LF:8
LH:8
BRF:0
BRH:0
end_of_record
TN:
SF:src/components/Calculator/CalculatorForm.tsx
FN:14,(anonymous_3)
FN:25,(anonymous_4)
FN:32,(anonymous_5)
FN:35,(anonymous_6)
FN:39,(anonymous_7)
FN:42,(anonymous_8)
FN:46,(anonymous_9)
FN:88,(anonymous_10)
FNF:8
FNH:8
FNDA:18,(anonymous_3)
FNDA:11,(anonymous_4)
FNDA:3,(anonymous_5)
FNDA:3,(anonymous_6)
FNDA:2,(anonymous_7)
FNDA:2,(anonymous_8)
FNDA:3,(anonymous_9)
FNDA:1,(anonymous_10)
DA:1,3
DA:2,3
DA:14,3
DA:15,18
DA:16,18
DA:17,18
DA:18,18
DA:19,18
DA:20,18
DA:21,18
DA:23,18
DA:25,18
DA:26,11
DA:27,11
DA:28,10
DA:29,6
DA:32,18
DA:33,3
DA:34,3
DA:35,3
DA:36,3
DA:39,18
DA:40,2
DA:41,2
DA:42,2
DA:43,2
DA:46,18
DA:47,3
DA:48,3
DA:50,3
DA:51,1
DA:53,2
DA:57,18
DA:88,1
DA:99,3
LF:35
LH:35
BRDA:27,0,0,1
BRDA:28,1,0,4
BRDA:28,2,0,10
BRDA:28,2,1,9
BRDA:36,3,0,1
BRDA:43,4,0,1
BRDA:50,5,0,1
BRDA:50,5,1,2
BRDA:50,6,0,3
BRDA:50,6,1,2
BRDA:70,7,0,18
BRDA:70,7,1,3
BRDA:83,8,0,18
BRDA:83,8,1,2
BRF:14
BRH:14
end_of_record
TN:
SF:src/components/Calculator/CalculatorResult.tsx
FN:8,(anonymous_3)
FNF:1
FNH:1
FNDA:6,(anonymous_3)
DA:2,3
DA:8,6
DA:17,3
LF:3
LH:3
BRDA:10,0,0,6
BRDA:10,0,1,1
BRF:2
BRH:2
end_of_record
